<?xml version="1.0" encoding="UTF-8"?>
<!-- Generated by org.testng.reporters.JUnitXMLReporter -->
<testsuite hostname="192-168-1-112.tpgi.com.au" ignored="0" name="BookStore Tests" tests="4" failures="1" timestamp="10 Apr 2025 12:45:06 GMT" time="229.93" errors="0">
  <testcase name="successfulLogin" time="13.005" classname="tests.LoginTest"/>
  <testcase name="unSuccessfulLogin" time="12.139" classname="tests.LoginTest"/>
  <testcase name="verifyBookDetails" time="19.569" classname="tests.BookStoreTest">
    <failure type="java.lang.AssertionError" message="Page did not redirect to the expected URL. Current URL: https://demoqa.com/books?book=9781449325862">
      <![CDATA[java.lang.AssertionError: Page did not redirect to the expected URL. Current URL: https://demoqa.com/books?book=9781449325862
at tests.BookStoreTest.verifyBookDetails(BookStoreTest.java:27)
... Removed 29 stack frames]]>
    </failure>
  </testcase> <!-- verifyBookDetails -->
  <testcase name="verifySearchResults" time="11.304" classname="tests.BookStoreTest"/>
</testsuite> <!-- BookStore Tests -->
